10:14:21 INFO Configuration:
name: search/rand/50
seed: 1

log_level: info
report_interval: 10
eval_interval: 50
save_interval: 50

data_path: data/rand
train_sets:
  - name: 50-213
    samples: 2000
    max_tries: 5
    max_flips: 750
    iterations: 10000

eval_set:
  name: 100-426
  samples: 5
  max_tries: 5
  max_flips: 1500

model_path: results/search/rand/25/model_best.pth

gnn_hidden_size: 32
readout_hidden_size: 64

cycles: 1
optimizer: RMSprop
lr: 0.0001
lr_milestones: [200, 500, 1000, 5000]
lr_decay: 0.8

method: reinforce
discount: 0.25
walk_prob: 0.5

10:14:21 INFO Device: cpu
10:14:21 INFO Loading model parameters from results/search/rand/25/model_best.pth
10:14:23 INFO Loaded 1000 training problems from data/rand
10:14:23 INFO Loaded 5 evaluation problems from data/rand
10:14:23 INFO Cycle: 1
10:14:23 INFO Train set: 50-213
10:15:00 INFO (Eval)    Acc:      20.00,  Flips:    1500.00 (med) /    1186.48 (mean) /    1500.00 (max)
10:15:00 INFO Saving best model parameters
10:15:54 INFO Iter:     10,  Acc:      60.00,  Flips:     492.00 (med) /     511.32 (mean) /     750.00 (max)
10:16:46 INFO Iter:     20,  Acc:      70.00,  Flips:     385.00 (med) /     405.80 (mean) /     636.80 (max)
10:17:41 INFO Iter:     30,  Acc:      50.00,  Flips:     669.00 (med) /     482.88 (mean) /     663.80 (max)
10:18:31 INFO Iter:     40,  Acc:      60.00,  Flips:     408.50 (med) /     416.52 (mean) /     663.90 (max)
10:19:23 INFO Iter:     50,  Acc:      50.00,  Flips:     720.00 (med) /     451.94 (mean) /     656.20 (max)
10:19:23 INFO Saving last model parameters
10:19:23 INFO Saving stats
10:20:06 INFO (Eval)    Acc:      40.00,  Flips:    1500.00 (med) /    1179.44 (mean) /    1500.00 (max)
10:20:06 INFO Saving best model parameters
10:21:02 INFO Iter:     60,  Acc:      70.00,  Flips:     497.00 (med) /     406.96 (mean) /     638.40 (max)
10:21:43 INFO Iter:     70,  Acc:      90.00,  Flips:     169.00 (med) /     274.12 (mean) /     542.30 (max)
10:22:21 INFO Iter:     80,  Acc:      80.00,  Flips:     148.00 (med) /     266.38 (mean) /     471.10 (max)
10:23:08 INFO Iter:     90,  Acc:      70.00,  Flips:     379.50 (med) /     412.64 (mean) /     603.50 (max)
10:23:57 INFO Iter:    100,  Acc:      60.00,  Flips:     609.00 (med) /     471.10 (mean) /     700.50 (max)
10:23:57 INFO Saving last model parameters
10:23:57 INFO Saving stats
10:24:55 INFO (Eval)    Acc:      20.00,  Flips:    1500.00 (med) /    1271.88 (mean) /    1500.00 (max)
10:25:59 INFO Iter:    110,  Acc:      40.00,  Flips:     750.00 (med) /     557.48 (mean) /     730.60 (max)
10:26:58 INFO Iter:    120,  Acc:      50.00,  Flips:     602.50 (med) /     512.06 (mean) /     738.70 (max)
10:27:44 INFO Iter:    130,  Acc:      90.00,  Flips:     170.50 (med) /     289.92 (mean) /     516.40 (max)
10:28:30 INFO Iter:    140,  Acc:      60.00,  Flips:     407.50 (med) /     407.44 (mean) /     618.70 (max)
10:29:16 INFO Iter:    150,  Acc:      90.00,  Flips:     269.50 (med) /     349.98 (mean) /     623.20 (max)
10:29:16 INFO Saving last model parameters
10:29:16 INFO Saving stats
10:30:32 INFO (Eval)    Acc:      20.00,  Flips:    1500.00 (med) /    1327.04 (mean) /    1500.00 (max)
10:31:19 INFO Iter:    160,  Acc:      60.00,  Flips:     484.50 (med) /     441.64 (mean) /     690.60 (max)
10:32:01 INFO Iter:    170,  Acc:      80.00,  Flips:     235.50 (med) /     335.52 (mean) /     561.50 (max)
10:32:49 INFO Iter:    180,  Acc:     100.00,  Flips:     233.50 (med) /     339.24 (mean) /     721.10 (max)
10:33:41 INFO Iter:    190,  Acc:      60.00,  Flips:     354.00 (med) /     424.20 (mean) /     601.80 (max)
10:34:35 INFO Iter:    200,  Acc:      40.00,  Flips:     750.00 (med) /     554.54 (mean) /     719.80 (max)
10:34:35 INFO Saving last model parameters
10:34:35 INFO Saving stats
10:35:25 INFO (Eval)    Acc:      40.00,  Flips:    1500.00 (med) /    1065.32 (mean) /    1486.00 (max)
10:35:25 INFO Saving best model parameters
10:36:12 INFO Iter:    210,  Acc:      90.00,  Flips:     216.50 (med) /     303.18 (mean) /     522.10 (max)
10:37:13 INFO Iter:    220,  Acc:      50.00,  Flips:     713.50 (med) /     514.20 (mean) /     663.70 (max)
10:38:20 INFO Iter:    230,  Acc:      50.00,  Flips:     680.00 (med) /     544.64 (mean) /     730.80 (max)
10:39:08 INFO Iter:    240,  Acc:      60.00,  Flips:     528.50 (med) /     411.66 (mean) /     652.50 (max)
10:40:02 INFO Iter:    250,  Acc:      70.00,  Flips:     422.00 (med) /     404.70 (mean) /     646.80 (max)
10:40:02 INFO Saving last model parameters
10:40:02 INFO Saving stats
10:40:59 INFO (Eval)    Acc:      40.00,  Flips:    1500.00 (med) /    1126.48 (mean) /    1500.00 (max)
10:41:51 INFO Iter:    260,  Acc:      70.00,  Flips:     404.50 (med) /     403.08 (mean) /     612.40 (max)
10:42:44 INFO Iter:    270,  Acc:      60.00,  Flips:     530.50 (med) /     451.60 (mean) /     628.20 (max)
10:43:37 INFO Iter:    280,  Acc:      60.00,  Flips:     596.00 (med) /     433.88 (mean) /     679.60 (max)
10:44:22 INFO Iter:    290,  Acc:      80.00,  Flips:     231.50 (med) /     344.30 (mean) /     674.00 (max)
10:45:13 INFO Iter:    300,  Acc:      60.00,  Flips:     731.50 (med) /     421.00 (mean) /     621.00 (max)
10:45:13 INFO Saving last model parameters
10:45:13 INFO Saving stats
10:46:33 INFO (Eval)    Acc:      40.00,  Flips:    1500.00 (med) /    1157.24 (mean) /    1421.40 (max)
10:47:35 INFO Iter:    310,  Acc:      60.00,  Flips:     462.00 (med) /     476.28 (mean) /     655.10 (max)
10:48:29 INFO Iter:    320,  Acc:      70.00,  Flips:     411.00 (med) /     379.94 (mean) /     548.30 (max)
10:49:19 INFO Iter:    330,  Acc:      70.00,  Flips:     342.00 (med) /     410.84 (mean) /     604.80 (max)
10:50:04 INFO Iter:    340,  Acc:      60.00,  Flips:     260.50 (med) /     361.76 (mean) /     597.30 (max)
10:50:59 INFO Iter:    350,  Acc:      60.00,  Flips:     391.00 (med) /     467.46 (mean) /     680.00 (max)
10:50:59 INFO Saving last model parameters
10:50:59 INFO Saving stats
10:51:56 INFO (Eval)    Acc:      40.00,  Flips:    1500.00 (med) /    1192.52 (mean) /    1500.00 (max)
10:52:46 INFO Iter:    360,  Acc:      70.00,  Flips:     298.50 (med) /     403.00 (mean) /     648.20 (max)
10:53:39 INFO Iter:    370,  Acc:      60.00,  Flips:     324.00 (med) /     457.20 (mean) /     728.80 (max)
10:54:20 INFO Iter:    380,  Acc:      90.00,  Flips:     140.00 (med) /     300.38 (mean) /     587.00 (max)
10:55:17 INFO Iter:    390,  Acc:      60.00,  Flips:     484.00 (med) /     465.96 (mean) /     688.80 (max)
10:56:15 INFO Iter:    400,  Acc:      60.00,  Flips:     507.50 (med) /     436.32 (mean) /     624.40 (max)
10:56:15 INFO Saving last model parameters
10:56:15 INFO Saving stats
10:57:08 INFO (Eval)    Acc:      60.00,  Flips:    1088.00 (med) /    1028.92 (mean) /    1481.60 (max)
10:57:08 INFO Saving best model parameters
10:58:04 INFO Iter:    410,  Acc:      70.00,  Flips:     407.00 (med) /     399.00 (mean) /     650.80 (max)
10:59:01 INFO Iter:    420,  Acc:      70.00,  Flips:     384.50 (med) /     431.00 (mean) /     682.70 (max)
11:00:03 INFO Iter:    430,  Acc:      70.00,  Flips:     456.00 (med) /     481.46 (mean) /     699.80 (max)
11:00:57 INFO Iter:    440,  Acc:      80.00,  Flips:     461.50 (med) /     401.98 (mean) /     653.50 (max)
11:01:38 INFO Iter:    450,  Acc:      70.00,  Flips:     145.50 (med) /     320.24 (mean) /     575.80 (max)
11:01:38 INFO Saving last model parameters
11:01:38 INFO Saving stats
11:02:34 INFO (Eval)    Acc:      60.00,  Flips:    1415.00 (med) /    1007.40 (mean) /    1327.20 (max)
11:03:16 INFO Iter:    460,  Acc:      80.00,  Flips:     164.50 (med) /     305.14 (mean) /     497.20 (max)
11:04:08 INFO Iter:    470,  Acc:      60.00,  Flips:     366.50 (med) /     450.84 (mean) /     614.70 (max)
11:05:03 INFO Iter:    480,  Acc:      80.00,  Flips:     349.50 (med) /     429.48 (mean) /     686.10 (max)
11:06:00 INFO Iter:    490,  Acc:      60.00,  Flips:     349.00 (med) /     460.74 (mean) /     632.30 (max)
11:06:51 INFO Iter:    500,  Acc:      50.00,  Flips:     707.00 (med) /     468.18 (mean) /     682.40 (max)
11:06:51 INFO Saving last model parameters
11:06:51 INFO Saving stats
11:07:56 INFO (Eval)    Acc:      20.00,  Flips:    1500.00 (med) /    1183.40 (mean) /    1500.00 (max)
11:08:47 INFO Iter:    510,  Acc:      80.00,  Flips:     368.50 (med) /     391.00 (mean) /     613.30 (max)
11:09:38 INFO Iter:    520,  Acc:      80.00,  Flips:     278.00 (med) /     384.58 (mean) /     668.60 (max)
11:10:29 INFO Iter:    530,  Acc:      80.00,  Flips:     220.50 (med) /     349.88 (mean) /     553.90 (max)
11:11:22 INFO Iter:    540,  Acc:      80.00,  Flips:     316.00 (med) /     361.60 (mean) /     621.80 (max)
11:12:13 INFO Iter:    550,  Acc:      70.00,  Flips:     358.00 (med) /     412.74 (mean) /     662.90 (max)
11:12:13 INFO Saving last model parameters
11:12:13 INFO Saving stats
11:12:53 INFO (Eval)    Acc:      80.00,  Flips:    1275.00 (med) /    1108.68 (mean) /    1500.00 (max)
11:13:51 INFO Iter:    560,  Acc:      50.00,  Flips:     739.00 (med) /     511.22 (mean) /     673.50 (max)
11:14:29 INFO Iter:    570,  Acc:      80.00,  Flips:     210.50 (med) /     319.94 (mean) /     541.70 (max)
11:15:15 INFO Iter:    580,  Acc:      70.00,  Flips:     384.50 (med) /     358.42 (mean) /     554.90 (max)
11:16:07 INFO Iter:    590,  Acc:      80.00,  Flips:     425.50 (med) /     391.52 (mean) /     635.50 (max)
11:16:54 INFO Iter:    600,  Acc:      80.00,  Flips:     170.00 (med) /     315.66 (mean) /     557.20 (max)
11:16:54 INFO Saving last model parameters
11:16:54 INFO Saving stats
11:17:57 INFO (Eval)    Acc:      40.00,  Flips:    1500.00 (med) /    1110.76 (mean) /    1478.20 (max)
11:18:41 INFO Iter:    610,  Acc:      80.00,  Flips:     154.50 (med) /     337.82 (mean) /     594.70 (max)
11:19:24 INFO Iter:    620,  Acc:      60.00,  Flips:     265.00 (med) /     350.32 (mean) /     554.30 (max)
11:20:07 INFO Iter:    630,  Acc:      60.00,  Flips:     465.50 (med) /     374.46 (mean) /     541.20 (max)
11:20:53 INFO Iter:    640,  Acc:      60.00,  Flips:     426.00 (med) /     401.90 (mean) /     586.30 (max)
11:21:47 INFO Iter:    650,  Acc:      70.00,  Flips:     539.00 (med) /     418.44 (mean) /     677.00 (max)
11:21:47 INFO Saving last model parameters
11:21:47 INFO Saving stats
11:22:53 INFO (Eval)    Acc:      40.00,  Flips:    1500.00 (med) /    1124.16 (mean) /    1500.00 (max)
11:23:47 INFO Iter:    660,  Acc:      70.00,  Flips:     389.50 (med) /     404.40 (mean) /     611.60 (max)
11:24:31 INFO Iter:    670,  Acc:      60.00,  Flips:     431.00 (med) /     392.12 (mean) /     577.70 (max)
11:25:21 INFO Iter:    680,  Acc:      70.00,  Flips:     411.00 (med) /     417.84 (mean) /     646.10 (max)
11:26:04 INFO Iter:    690,  Acc:      90.00,  Flips:     203.50 (med) /     274.44 (mean) /     513.40 (max)
11:26:54 INFO Iter:    700,  Acc:      70.00,  Flips:     261.50 (med) /     372.16 (mean) /     536.70 (max)
11:26:54 INFO Saving last model parameters
11:26:54 INFO Saving stats
11:27:37 INFO (Eval)    Acc:      40.00,  Flips:    1500.00 (med) /    1054.56 (mean) /    1387.80 (max)
11:28:20 INFO Iter:    710,  Acc:     100.00,  Flips:     128.00 (med) /     242.80 (mean) /     492.70 (max)
11:29:01 INFO Iter:    720,  Acc:      70.00,  Flips:     336.00 (med) /     354.60 (mean) /     562.50 (max)
11:29:45 INFO Iter:    730,  Acc:      90.00,  Flips:     253.50 (med) /     318.36 (mean) /     503.70 (max)
11:30:34 INFO Iter:    740,  Acc:      60.00,  Flips:     464.00 (med) /     393.92 (mean) /     588.10 (max)
11:31:26 INFO Iter:    750,  Acc:      70.00,  Flips:     497.50 (med) /     477.96 (mean) /     750.00 (max)
11:31:26 INFO Saving last model parameters
11:31:26 INFO Saving stats
11:32:16 INFO (Eval)    Acc:      60.00,  Flips:    1358.00 (med) /    1176.36 (mean) /    1500.00 (max)
11:33:11 INFO Iter:    760,  Acc:      90.00,  Flips:     226.50 (med) /     335.62 (mean) /     531.30 (max)
11:33:52 INFO Iter:    770,  Acc:      80.00,  Flips:     113.50 (med) /     296.32 (mean) /     528.60 (max)
11:34:45 INFO Iter:    780,  Acc:      50.00,  Flips:     694.00 (med) /     484.94 (mean) /     696.60 (max)
11:35:27 INFO Iter:    790,  Acc:      90.00,  Flips:     280.00 (med) /     302.58 (mean) /     475.50 (max)
11:36:20 INFO Iter:    800,  Acc:      50.00,  Flips:     576.50 (med) /     473.22 (mean) /     662.40 (max)
11:36:20 INFO Saving last model parameters
11:36:20 INFO Saving stats
11:37:19 INFO (Eval)    Acc:      40.00,  Flips:    1500.00 (med) /    1102.20 (mean) /    1500.00 (max)
11:38:08 INFO Iter:    810,  Acc:      70.00,  Flips:     353.00 (med) /     344.42 (mean) /     519.30 (max)
11:38:56 INFO Iter:    820,  Acc:      90.00,  Flips:     160.50 (med) /     306.82 (mean) /     591.00 (max)
11:39:51 INFO Iter:    830,  Acc:      50.00,  Flips:     484.00 (med) /     469.64 (mean) /     726.20 (max)
11:40:37 INFO Iter:    840,  Acc:      70.00,  Flips:     279.00 (med) /     363.54 (mean) /     645.00 (max)
11:41:22 INFO Iter:    850,  Acc:      70.00,  Flips:     361.50 (med) /     382.70 (mean) /     553.50 (max)
11:41:22 INFO Saving last model parameters
11:41:22 INFO Saving stats
11:42:11 INFO (Eval)    Acc:      40.00,  Flips:    1500.00 (med) /    1127.96 (mean) /    1500.00 (max)
11:43:13 INFO Iter:    860,  Acc:      90.00,  Flips:     430.50 (med) /     394.66 (mean) /     637.30 (max)
11:44:06 INFO Iter:    870,  Acc:      70.00,  Flips:     235.00 (med) /     371.44 (mean) /     651.00 (max)
11:44:54 INFO Iter:    880,  Acc:      90.00,  Flips:     225.00 (med) /     300.36 (mean) /     551.30 (max)
11:45:49 INFO Iter:    890,  Acc:      90.00,  Flips:     231.50 (med) /     345.70 (mean) /     589.00 (max)
11:46:39 INFO Iter:    900,  Acc:     100.00,  Flips:     147.00 (med) /     285.52 (mean) /     620.10 (max)
11:46:39 INFO Saving last model parameters
11:46:39 INFO Saving stats
11:47:40 INFO (Eval)    Acc:      80.00,  Flips:    1074.00 (med) /    1045.48 (mean) /    1500.00 (max)
11:48:35 INFO Iter:    910,  Acc:      70.00,  Flips:     328.50 (med) /     379.52 (mean) /     625.30 (max)
11:49:25 INFO Iter:    920,  Acc:      70.00,  Flips:     232.00 (med) /     377.96 (mean) /     651.70 (max)
11:50:17 INFO Iter:    930,  Acc:      60.00,  Flips:     463.50 (med) /     406.80 (mean) /     601.50 (max)
11:50:58 INFO Iter:    940,  Acc:      80.00,  Flips:     193.50 (med) /     290.98 (mean) /     434.40 (max)
11:51:35 INFO Iter:    950,  Acc:      70.00,  Flips:     254.00 (med) /     321.10 (mean) /     508.70 (max)
11:51:35 INFO Saving last model parameters
11:51:35 INFO Saving stats
11:52:14 INFO (Eval)    Acc:      80.00,  Flips:    1145.00 (med) /    1063.16 (mean) /    1500.00 (max)
11:52:58 INFO Iter:    960,  Acc:      80.00,  Flips:     227.00 (med) /     344.56 (mean) /     656.30 (max)
11:53:47 INFO Iter:    970,  Acc:      50.00,  Flips:     669.00 (med) /     474.58 (mean) /     655.60 (max)
11:54:35 INFO Iter:    980,  Acc:      80.00,  Flips:     347.50 (med) /     372.02 (mean) /     606.30 (max)
11:55:35 INFO Iter:    990,  Acc:      80.00,  Flips:     444.50 (med) /     436.62 (mean) /     691.40 (max)
11:56:35 INFO Iter:   1000,  Acc:      40.00,  Flips:     750.00 (med) /     521.80 (mean) /     687.20 (max)
11:56:36 INFO Saving last model parameters
11:56:36 INFO Saving stats
11:57:35 INFO (Eval)    Acc:      40.00,  Flips:    1500.00 (med) /    1140.48 (mean) /    1365.80 (max)
11:58:26 INFO Iter:   1010,  Acc:      90.00,  Flips:     286.00 (med) /     383.92 (mean) /     689.30 (max)
11:59:10 INFO Iter:   1020,  Acc:      70.00,  Flips:     273.00 (med) /     339.68 (mean) /     573.40 (max)
12:00:11 INFO Iter:   1030,  Acc:      60.00,  Flips:     602.00 (med) /     468.68 (mean) /     608.90 (max)
12:00:58 INFO Iter:   1040,  Acc:      70.00,  Flips:     319.00 (med) /     365.08 (mean) /     586.40 (max)
12:01:50 INFO Iter:   1050,  Acc:      80.00,  Flips:     283.00 (med) /     377.66 (mean) /     642.10 (max)
12:01:50 INFO Saving last model parameters
12:01:50 INFO Saving stats
12:02:30 INFO (Eval)    Acc:      60.00,  Flips:     538.00 (med) /     907.36 (mean) /    1320.40 (max)
12:02:30 INFO Saving best model parameters
12:03:24 INFO Iter:   1060,  Acc:      70.00,  Flips:     305.50 (med) /     416.80 (mean) /     629.70 (max)
12:04:01 INFO Iter:   1070,  Acc:      90.00,  Flips:      99.00 (med) /     217.62 (mean) /     478.60 (max)
12:04:41 INFO Iter:   1080,  Acc:     100.00,  Flips:     147.50 (med) /     247.52 (mean) /     504.00 (max)
12:05:31 INFO Iter:   1090,  Acc:      60.00,  Flips:     479.00 (med) /     389.62 (mean) /     636.00 (max)
12:06:26 INFO Iter:   1100,  Acc:      60.00,  Flips:     444.50 (med) /     476.62 (mean) /     698.70 (max)
12:06:26 INFO Saving last model parameters
12:06:26 INFO Saving stats
12:07:35 INFO (Eval)    Acc:      60.00,  Flips:    1414.00 (med) /    1162.96 (mean) /    1416.80 (max)
12:08:33 INFO Iter:   1110,  Acc:      80.00,  Flips:     401.00 (med) /     432.74 (mean) /     695.70 (max)
12:09:28 INFO Iter:   1120,  Acc:      40.00,  Flips:     750.00 (med) /     526.52 (mean) /     705.60 (max)
12:10:26 INFO Iter:   1130,  Acc:      80.00,  Flips:     299.00 (med) /     410.90 (mean) /     680.00 (max)
12:11:06 INFO Iter:   1140,  Acc:      80.00,  Flips:     193.50 (med) /     318.30 (mean) /     573.40 (max)
12:11:53 INFO Iter:   1150,  Acc:      60.00,  Flips:     295.00 (med) /     408.48 (mean) /     573.60 (max)
12:11:53 INFO Saving last model parameters
12:11:53 INFO Saving stats
12:12:52 INFO (Eval)    Acc:      40.00,  Flips:    1500.00 (med) /    1180.44 (mean) /    1500.00 (max)
12:13:52 INFO Iter:   1160,  Acc:      60.00,  Flips:     574.00 (med) /     482.88 (mean) /     685.80 (max)
12:14:42 INFO Iter:   1170,  Acc:      70.00,  Flips:     306.50 (med) /     367.64 (mean) /     547.20 (max)
12:15:24 INFO Iter:   1180,  Acc:     100.00,  Flips:     199.50 (med) /     241.14 (mean) /     499.10 (max)
12:16:10 INFO Iter:   1190,  Acc:      70.00,  Flips:     256.00 (med) /     373.52 (mean) /     580.60 (max)
12:17:09 INFO Iter:   1200,  Acc:      60.00,  Flips:     630.50 (med) /     507.78 (mean) /     658.00 (max)
12:17:09 INFO Saving last model parameters
12:17:09 INFO Saving stats
12:18:03 INFO (Eval)    Acc:      60.00,  Flips:    1342.00 (med) /    1217.88 (mean) /    1500.00 (max)
12:18:49 INFO Iter:   1210,  Acc:     100.00,  Flips:     143.00 (med) /     264.70 (mean) /     530.50 (max)
12:19:43 INFO Iter:   1220,  Acc:      60.00,  Flips:     429.50 (med) /     420.68 (mean) /     664.90 (max)
12:20:44 INFO Iter:   1230,  Acc:      50.00,  Flips:     659.50 (med) /     505.16 (mean) /     710.70 (max)
12:21:29 INFO Iter:   1240,  Acc:      70.00,  Flips:     273.50 (med) /     364.70 (mean) /     633.20 (max)
12:22:19 INFO Iter:   1250,  Acc:      60.00,  Flips:     355.00 (med) /     379.44 (mean) /     615.50 (max)
12:22:19 INFO Saving last model parameters
12:22:19 INFO Saving stats
12:23:08 INFO (Eval)    Acc:      60.00,  Flips:    1039.00 (med) /    1078.00 (mean) /    1448.20 (max)
12:24:00 INFO Iter:   1260,  Acc:      80.00,  Flips:     220.50 (med) /     370.28 (mean) /     610.10 (max)
12:24:45 INFO Iter:   1270,  Acc:      80.00,  Flips:     320.00 (med) /     398.10 (mean) /     633.00 (max)
12:25:32 INFO Iter:   1280,  Acc:      70.00,  Flips:     457.50 (med) /     409.16 (mean) /     585.20 (max)
12:26:12 INFO Iter:   1290,  Acc:      80.00,  Flips:     182.50 (med) /     319.88 (mean) /     560.90 (max)
12:27:04 INFO Iter:   1300,  Acc:      70.00,  Flips:     382.50 (med) /     398.74 (mean) /     650.20 (max)
12:27:04 INFO Saving last model parameters
12:27:04 INFO Saving stats
12:27:42 INFO (Eval)    Acc:      80.00,  Flips:     951.00 (med) /    1119.68 (mean) /    1500.00 (max)
12:28:48 INFO Iter:   1310,  Acc:      80.00,  Flips:     600.00 (med) /     497.56 (mean) /     732.40 (max)
12:29:32 INFO Iter:   1320,  Acc:      80.00,  Flips:     278.50 (med) /     336.00 (mean) /     597.80 (max)
12:30:14 INFO Iter:   1330,  Acc:      70.00,  Flips:     183.00 (med) /     324.24 (mean) /     509.60 (max)
12:31:10 INFO Iter:   1340,  Acc:      60.00,  Flips:     571.50 (med) /     472.44 (mean) /     700.10 (max)
12:32:05 INFO Iter:   1350,  Acc:      80.00,  Flips:     379.50 (med) /     421.06 (mean) /     740.50 (max)
12:32:05 INFO Saving last model parameters
12:32:05 INFO Saving stats
12:33:05 INFO (Eval)    Acc:      60.00,  Flips:    1409.00 (med) /    1066.88 (mean) /    1464.20 (max)
12:34:00 INFO Iter:   1360,  Acc:      70.00,  Flips:     501.50 (med) /     393.78 (mean) /     575.70 (max)
12:34:50 INFO Iter:   1370,  Acc:      80.00,  Flips:     325.50 (med) /     385.14 (mean) /     613.30 (max)
12:35:40 INFO Iter:   1380,  Acc:      90.00,  Flips:     257.50 (med) /     309.88 (mean) /     598.20 (max)
12:36:34 INFO Iter:   1390,  Acc:      80.00,  Flips:     331.50 (med) /     413.22 (mean) /     712.00 (max)
12:37:25 INFO Iter:   1400,  Acc:      60.00,  Flips:     366.50 (med) /     413.46 (mean) /     590.20 (max)
12:37:25 INFO Saving last model parameters
12:37:25 INFO Saving stats
12:38:13 INFO (Eval)    Acc:      60.00,  Flips:    1163.00 (med) /    1104.12 (mean) /    1500.00 (max)
12:38:55 INFO Iter:   1410,  Acc:      90.00,  Flips:     175.00 (med) /     288.58 (mean) /     631.00 (max)
12:39:50 INFO Iter:   1420,  Acc:      60.00,  Flips:     430.00 (med) /     437.00 (mean) /     617.90 (max)
12:40:52 INFO Iter:   1430,  Acc:      70.00,  Flips:     609.00 (med) /     478.44 (mean) /     723.70 (max)
12:41:44 INFO Iter:   1440,  Acc:      70.00,  Flips:     500.50 (med) /     442.56 (mean) /     724.40 (max)
12:42:29 INFO Iter:   1450,  Acc:      80.00,  Flips:     172.50 (med) /     331.50 (mean) /     480.40 (max)
12:42:29 INFO Saving last model parameters
12:42:29 INFO Saving stats
12:43:20 INFO (Eval)    Acc:      40.00,  Flips:    1500.00 (med) /    1149.48 (mean) /    1406.40 (max)
12:44:01 INFO Iter:   1460,  Acc:      70.00,  Flips:     281.00 (med) /     317.12 (mean) /     568.10 (max)
12:44:52 INFO Iter:   1470,  Acc:      50.00,  Flips:     589.00 (med) /     470.44 (mean) /     664.00 (max)
12:45:42 INFO Iter:   1480,  Acc:      80.00,  Flips:     284.50 (med) /     371.30 (mean) /     642.60 (max)
12:46:31 INFO Iter:   1490,  Acc:      80.00,  Flips:     215.50 (med) /     372.24 (mean) /     674.50 (max)
12:47:22 INFO Iter:   1500,  Acc:      70.00,  Flips:     365.50 (med) /     403.14 (mean) /     623.10 (max)
12:47:22 INFO Saving last model parameters
12:47:22 INFO Saving stats
12:48:04 INFO (Eval)    Acc:      60.00,  Flips:    1061.00 (med) /    1076.36 (mean) /    1500.00 (max)
12:49:02 INFO Iter:   1510,  Acc:      60.00,  Flips:     554.50 (med) /     447.94 (mean) /     667.00 (max)
12:49:57 INFO Iter:   1520,  Acc:      80.00,  Flips:     279.50 (med) /     372.16 (mean) /     615.30 (max)
12:50:47 INFO Iter:   1530,  Acc:      70.00,  Flips:     370.50 (med) /     352.26 (mean) /     509.80 (max)
12:51:46 INFO Iter:   1540,  Acc:      70.00,  Flips:     361.00 (med) /     389.50 (mean) /     583.00 (max)
12:52:44 INFO Iter:   1550,  Acc:      80.00,  Flips:     315.50 (med) /     397.46 (mean) /     624.50 (max)
12:52:44 INFO Saving last model parameters
12:52:44 INFO Saving stats
12:53:44 INFO (Eval)    Acc:      20.00,  Flips:    1500.00 (med) /    1236.60 (mean) /    1396.40 (max)
12:54:32 INFO Iter:   1560,  Acc:      60.00,  Flips:     587.00 (med) /     411.54 (mean) /     656.20 (max)
12:55:16 INFO Iter:   1570,  Acc:      70.00,  Flips:     326.50 (med) /     369.96 (mean) /     558.00 (max)
12:55:57 INFO Iter:   1580,  Acc:      60.00,  Flips:     188.50 (med) /     351.16 (mean) /     536.00 (max)
12:56:44 INFO Iter:   1590,  Acc:      90.00,  Flips:     140.50 (med) /     273.46 (mean) /     517.00 (max)
12:57:21 INFO Iter:   1600,  Acc:      80.00,  Flips:     117.00 (med) /     250.00 (mean) /     484.40 (max)
12:57:21 INFO Saving last model parameters
12:57:21 INFO Saving stats
12:58:22 INFO (Eval)    Acc:      60.00,  Flips:     892.00 (med) /    1012.36 (mean) /    1330.60 (max)
12:59:05 INFO Iter:   1610,  Acc:      80.00,  Flips:     235.50 (med) /     303.34 (mean) /     610.60 (max)
12:59:50 INFO Iter:   1620,  Acc:      60.00,  Flips:     216.50 (med) /     408.82 (mean) /     671.60 (max)
13:00:44 INFO Iter:   1630,  Acc:      80.00,  Flips:     467.00 (med) /     380.52 (mean) /     521.50 (max)
13:01:31 INFO Iter:   1640,  Acc:      70.00,  Flips:     469.00 (med) /     360.76 (mean) /     603.00 (max)
13:02:27 INFO Iter:   1650,  Acc:      70.00,  Flips:     329.00 (med) /     434.28 (mean) /     692.70 (max)
13:02:27 INFO Saving last model parameters
13:02:27 INFO Saving stats
13:03:20 INFO (Eval)    Acc:      20.00,  Flips:    1500.00 (med) /    1148.92 (mean) /    1500.00 (max)
13:04:04 INFO Iter:   1660,  Acc:      30.00,  Flips:     750.00 (med) /     447.96 (mean) /     643.50 (max)
13:04:48 INFO Iter:   1670,  Acc:      90.00,  Flips:     300.50 (med) /     348.66 (mean) /     529.60 (max)
13:05:38 INFO Iter:   1680,  Acc:      50.00,  Flips:     498.00 (med) /     446.70 (mean) /     636.70 (max)
13:06:18 INFO Iter:   1690,  Acc:     100.00,  Flips:     156.50 (med) /     229.36 (mean) /     517.90 (max)
13:06:58 INFO Iter:   1700,  Acc:      70.00,  Flips:     246.00 (med) /     340.92 (mean) /     554.60 (max)
13:06:58 INFO Saving last model parameters
13:06:58 INFO Saving stats
13:07:41 INFO (Eval)    Acc:      40.00,  Flips:    1500.00 (med) /    1058.24 (mean) /    1500.00 (max)
13:08:17 INFO Iter:   1710,  Acc:      90.00,  Flips:     141.50 (med) /     246.78 (mean) /     518.80 (max)
13:08:59 INFO Iter:   1720,  Acc:      70.00,  Flips:     223.00 (med) /     317.52 (mean) /     533.30 (max)
13:09:49 INFO Iter:   1730,  Acc:      80.00,  Flips:     284.50 (med) /     339.70 (mean) /     547.30 (max)
13:10:41 INFO Iter:   1740,  Acc:      80.00,  Flips:     292.50 (med) /     361.92 (mean) /     563.60 (max)
13:11:37 INFO Iter:   1750,  Acc:      40.00,  Flips:     750.00 (med) /     510.16 (mean) /     708.60 (max)
13:11:37 INFO Saving last model parameters
13:11:37 INFO Saving stats
13:12:21 INFO (Eval)    Acc:      20.00,  Flips:    1500.00 (med) /    1342.28 (mean) /    1500.00 (max)
13:13:13 INFO Iter:   1760,  Acc:      90.00,  Flips:     255.00 (med) /     310.18 (mean) /     483.10 (max)
13:13:58 INFO Iter:   1770,  Acc:      90.00,  Flips:     128.50 (med) /     268.44 (mean) /     467.50 (max)
13:14:54 INFO Iter:   1780,  Acc:      60.00,  Flips:     589.00 (med) /     478.62 (mean) /     681.60 (max)
13:15:41 INFO Iter:   1790,  Acc:     100.00,  Flips:     196.50 (med) /     270.92 (mean) /     486.70 (max)
13:16:27 INFO Iter:   1800,  Acc:      50.00,  Flips:     708.50 (med) /     436.68 (mean) /     599.80 (max)
13:16:27 INFO Saving last model parameters
13:16:27 INFO Saving stats
13:17:03 INFO (Eval)    Acc:      40.00,  Flips:    1500.00 (med) /    1076.20 (mean) /    1358.80 (max)
13:17:49 INFO Iter:   1810,  Acc:      80.00,  Flips:     294.00 (med) /     328.84 (mean) /     516.00 (max)
13:18:29 INFO Iter:   1820,  Acc:      80.00,  Flips:     160.00 (med) /     322.18 (mean) /     650.30 (max)
13:19:23 INFO Iter:   1830,  Acc:      40.00,  Flips:     750.00 (med) /     496.34 (mean) /     675.60 (max)
13:20:23 INFO Iter:   1840,  Acc:      80.00,  Flips:     469.50 (med) /     430.82 (mean) /     672.10 (max)
13:21:16 INFO Iter:   1850,  Acc:      50.00,  Flips:     546.50 (med) /     478.40 (mean) /     637.10 (max)
13:21:16 INFO Saving last model parameters
13:21:16 INFO Saving stats
13:22:15 INFO (Eval)    Acc:      40.00,  Flips:    1500.00 (med) /    1193.52 (mean) /    1500.00 (max)
13:22:58 INFO Iter:   1860,  Acc:      90.00,  Flips:     190.00 (med) /     317.98 (mean) /     625.10 (max)
13:23:49 INFO Iter:   1870,  Acc:      90.00,  Flips:     323.00 (med) /     385.36 (mean) /     700.60 (max)
13:24:36 INFO Iter:   1880,  Acc:     100.00,  Flips:     135.50 (med) /     258.22 (mean) /     447.40 (max)
13:25:23 INFO Iter:   1890,  Acc:      80.00,  Flips:     182.00 (med) /     341.42 (mean) /     596.00 (max)
13:26:12 INFO Iter:   1900,  Acc:      90.00,  Flips:     243.50 (med) /     336.34 (mean) /     606.90 (max)
13:26:12 INFO Saving last model parameters
13:26:12 INFO Saving stats
13:27:04 INFO (Eval)    Acc:      60.00,  Flips:     690.00 (med) /    1018.12 (mean) /    1394.00 (max)
13:27:45 INFO Iter:   1910,  Acc:      80.00,  Flips:     146.00 (med) /     292.12 (mean) /     516.90 (max)
13:28:33 INFO Iter:   1920,  Acc:      70.00,  Flips:     278.50 (med) /     389.32 (mean) /     683.80 (max)
13:29:23 INFO Iter:   1930,  Acc:      70.00,  Flips:     279.50 (med) /     425.68 (mean) /     684.50 (max)
13:30:01 INFO Iter:   1940,  Acc:      80.00,  Flips:     108.00 (med) /     281.94 (mean) /     446.00 (max)
13:30:38 INFO Iter:   1950,  Acc:      70.00,  Flips:     178.00 (med) /     314.76 (mean) /     510.20 (max)
13:30:38 INFO Saving last model parameters
13:30:38 INFO Saving stats
13:31:23 INFO (Eval)    Acc:      40.00,  Flips:    1500.00 (med) /    1046.24 (mean) /    1358.80 (max)
13:32:18 INFO Iter:   1960,  Acc:      90.00,  Flips:     445.00 (med) /     386.22 (mean) /     684.60 (max)
13:33:10 INFO Iter:   1970,  Acc:      70.00,  Flips:     464.00 (med) /     424.50 (mean) /     689.20 (max)
13:33:58 INFO Iter:   1980,  Acc:      80.00,  Flips:     262.50 (med) /     336.98 (mean) /     546.70 (max)
13:34:46 INFO Iter:   1990,  Acc:      70.00,  Flips:     332.50 (med) /     399.76 (mean) /     708.10 (max)
13:35:39 INFO Iter:   2000,  Acc:      70.00,  Flips:     435.50 (med) /     425.38 (mean) /     659.90 (max)
13:35:39 INFO Saving last model parameters
13:35:39 INFO Saving stats
13:36:56 INFO (Eval)    Acc:      40.00,  Flips:    1500.00 (med) /    1058.64 (mean) /    1494.80 (max)
13:37:46 INFO Iter:   2010,  Acc:      50.00,  Flips:     551.50 (med) /     429.58 (mean) /     716.20 (max)
13:38:32 INFO Iter:   2020,  Acc:      80.00,  Flips:     223.50 (med) /     329.94 (mean) /     519.40 (max)
13:39:22 INFO Iter:   2030,  Acc:      40.00,  Flips:     750.00 (med) /     491.94 (mean) /     701.40 (max)
13:40:04 INFO Iter:   2040,  Acc:      70.00,  Flips:     189.50 (med) /     335.02 (mean) /     518.00 (max)
13:40:54 INFO Iter:   2050,  Acc:      50.00,  Flips:     635.50 (med) /     437.28 (mean) /     659.00 (max)
13:40:54 INFO Saving last model parameters
13:40:54 INFO Saving stats
13:41:39 INFO (Eval)    Acc:      60.00,  Flips:    1024.00 (med) /    1134.84 (mean) /    1490.20 (max)
13:42:30 INFO Iter:   2060,  Acc:      40.00,  Flips:     750.00 (med) /     458.22 (mean) /     648.50 (max)
13:43:13 INFO Iter:   2070,  Acc:     100.00,  Flips:     130.50 (med) /     226.08 (mean) /     466.30 (max)
13:43:59 INFO Iter:   2080,  Acc:     100.00,  Flips:     177.00 (med) /     268.88 (mean) /     561.10 (max)
13:44:49 INFO Iter:   2090,  Acc:      90.00,  Flips:     259.50 (med) /     354.24 (mean) /     611.70 (max)
13:45:43 INFO Iter:   2100,  Acc:      70.00,  Flips:     441.00 (med) /     441.82 (mean) /     698.30 (max)
13:45:43 INFO Saving last model parameters
13:45:43 INFO Saving stats
13:46:57 INFO (Eval)    Acc:      20.00,  Flips:    1500.00 (med) /    1211.40 (mean) /    1500.00 (max)
13:47:55 INFO Iter:   2110,  Acc:      60.00,  Flips:     620.00 (med) /     509.36 (mean) /     708.80 (max)
13:48:59 INFO Iter:   2120,  Acc:      80.00,  Flips:     293.50 (med) /     423.68 (mean) /     693.30 (max)
13:49:52 INFO Iter:   2130,  Acc:      80.00,  Flips:     211.00 (med) /     356.02 (mean) /     679.80 (max)
13:50:39 INFO Iter:   2140,  Acc:      80.00,  Flips:     203.00 (med) /     328.08 (mean) /     577.80 (max)
13:51:34 INFO Iter:   2150,  Acc:      50.00,  Flips:     542.50 (med) /     438.66 (mean) /     618.00 (max)
13:51:34 INFO Saving last model parameters
13:51:34 INFO Saving stats
13:52:28 INFO (Eval)    Acc:      20.00,  Flips:    1500.00 (med) /    1184.52 (mean) /    1500.00 (max)
13:53:14 INFO Iter:   2160,  Acc:      70.00,  Flips:     493.00 (med) /     414.38 (mean) /     624.80 (max)
13:54:01 INFO Iter:   2170,  Acc:      70.00,  Flips:     219.00 (med) /     364.02 (mean) /     586.30 (max)
13:54:40 INFO Iter:   2180,  Acc:      90.00,  Flips:     155.50 (med) /     238.80 (mean) /     443.80 (max)
13:55:18 INFO Iter:   2190,  Acc:      60.00,  Flips:     275.50 (med) /     335.84 (mean) /     519.30 (max)
13:56:11 INFO Iter:   2200,  Acc:      50.00,  Flips:     620.00 (med) /     518.56 (mean) /     731.60 (max)
13:56:11 INFO Saving last model parameters
13:56:11 INFO Saving stats
13:57:05 INFO (Eval)    Acc:      60.00,  Flips:     995.00 (med) /    1063.32 (mean) /    1491.80 (max)
13:57:58 INFO Iter:   2210,  Acc:      90.00,  Flips:     170.00 (med) /     307.24 (mean) /     565.70 (max)
13:58:56 INFO Iter:   2220,  Acc:      40.00,  Flips:     750.00 (med) /     475.82 (mean) /     664.50 (max)
13:59:49 INFO Iter:   2230,  Acc:      50.00,  Flips:     549.50 (med) /     441.78 (mean) /     620.80 (max)
14:00:35 INFO Iter:   2240,  Acc:      70.00,  Flips:     526.50 (med) /     379.30 (mean) /     612.10 (max)
14:01:31 INFO Iter:   2250,  Acc:      60.00,  Flips:     684.50 (med) /     488.42 (mean) /     681.80 (max)
14:01:31 INFO Saving last model parameters
14:01:31 INFO Saving stats
14:02:39 INFO (Eval)    Acc:      60.00,  Flips:    1485.00 (med) /    1187.20 (mean) /    1472.80 (max)
14:03:33 INFO Iter:   2260,  Acc:      50.00,  Flips:     556.00 (med) /     434.50 (mean) /     645.30 (max)
14:04:21 INFO Iter:   2270,  Acc:      50.00,  Flips:     524.50 (med) /     443.96 (mean) /     662.80 (max)
14:05:14 INFO Iter:   2280,  Acc:      80.00,  Flips:     369.50 (med) /     368.90 (mean) /     618.00 (max)
14:06:02 INFO Iter:   2290,  Acc:      70.00,  Flips:     221.50 (med) /     365.30 (mean) /     561.60 (max)
14:06:59 INFO Iter:   2300,  Acc:      90.00,  Flips:     275.50 (med) /     370.32 (mean) /     664.90 (max)
14:06:59 INFO Saving last model parameters
14:06:59 INFO Saving stats
14:07:53 INFO (Eval)    Acc:      60.00,  Flips:    1201.00 (med) /    1081.28 (mean) /    1500.00 (max)
14:08:48 INFO Iter:   2310,  Acc:      50.00,  Flips:     524.50 (med) /     507.94 (mean) /     716.70 (max)
14:09:29 INFO Iter:   2320,  Acc:      90.00,  Flips:     179.00 (med) /     305.36 (mean) /     580.10 (max)
14:10:20 INFO Iter:   2330,  Acc:      80.00,  Flips:     235.50 (med) /     357.62 (mean) /     586.20 (max)
14:11:09 INFO Iter:   2340,  Acc:      80.00,  Flips:     282.00 (med) /     352.92 (mean) /     613.20 (max)
14:12:02 INFO Iter:   2350,  Acc:      80.00,  Flips:     300.00 (med) /     405.80 (mean) /     652.00 (max)
14:12:02 INFO Saving last model parameters
14:12:02 INFO Saving stats
14:12:52 INFO (Eval)    Acc:      40.00,  Flips:    1500.00 (med) /    1011.48 (mean) /    1284.80 (max)
14:13:35 INFO Iter:   2360,  Acc:     100.00,  Flips:     159.00 (med) /     273.72 (mean) /     623.60 (max)
14:14:23 INFO Iter:   2370,  Acc:      70.00,  Flips:     178.00 (med) /     372.74 (mean) /     615.80 (max)
14:15:10 INFO Iter:   2380,  Acc:      90.00,  Flips:     208.00 (med) /     282.76 (mean) /     527.70 (max)
14:16:07 INFO Iter:   2390,  Acc:      70.00,  Flips:     351.50 (med) /     450.68 (mean) /     646.80 (max)
14:16:57 INFO Iter:   2400,  Acc:      70.00,  Flips:     423.00 (med) /     385.76 (mean) /     552.60 (max)
14:16:57 INFO Saving last model parameters
14:16:57 INFO Saving stats
14:17:42 INFO (Eval)    Acc:      40.00,  Flips:    1500.00 (med) /    1174.40 (mean) /    1465.60 (max)
14:18:34 INFO Iter:   2410,  Acc:      80.00,  Flips:     291.50 (med) /     346.62 (mean) /     600.20 (max)
14:19:28 INFO Iter:   2420,  Acc:      90.00,  Flips:     308.00 (med) /     385.02 (mean) /     651.80 (max)
14:20:22 INFO Iter:   2430,  Acc:      70.00,  Flips:     511.50 (med) /     420.48 (mean) /     684.40 (max)
14:21:13 INFO Iter:   2440,  Acc:      80.00,  Flips:     354.00 (med) /     384.16 (mean) /     653.90 (max)
14:21:58 INFO Iter:   2450,  Acc:      80.00,  Flips:     154.00 (med) /     327.72 (mean) /     549.00 (max)
14:21:58 INFO Saving last model parameters
14:21:58 INFO Saving stats
14:23:06 INFO (Eval)    Acc:      60.00,  Flips:     945.00 (med) /    1108.20 (mean) /    1500.00 (max)
14:23:45 INFO Iter:   2460,  Acc:      70.00,  Flips:     246.50 (med) /     334.72 (mean) /     544.40 (max)
14:24:45 INFO Iter:   2470,  Acc:      70.00,  Flips:     436.50 (med) /     457.46 (mean) /     699.30 (max)
14:25:29 INFO Iter:   2480,  Acc:      70.00,  Flips:     270.00 (med) /     359.56 (mean) /     612.30 (max)
14:26:22 INFO Iter:   2490,  Acc:      60.00,  Flips:     521.50 (med) /     424.12 (mean) /     665.80 (max)
14:27:24 INFO Iter:   2500,  Acc:      60.00,  Flips:     559.50 (med) /     490.72 (mean) /     654.00 (max)
14:27:24 INFO Saving last model parameters
14:27:24 INFO Saving stats
14:28:24 INFO (Eval)    Acc:      60.00,  Flips:    1204.00 (med) /    1068.96 (mean) /    1500.00 (max)
14:29:16 INFO Iter:   2510,  Acc:      80.00,  Flips:     278.50 (med) /     381.54 (mean) /     639.50 (max)
14:30:12 INFO Iter:   2520,  Acc:      60.00,  Flips:     498.50 (med) /     454.34 (mean) /     692.50 (max)
14:31:03 INFO Iter:   2530,  Acc:      80.00,  Flips:     164.50 (med) /     342.58 (mean) /     581.70 (max)
14:31:48 INFO Iter:   2540,  Acc:      90.00,  Flips:     197.50 (med) /     284.42 (mean) /     467.60 (max)
14:32:43 INFO Iter:   2550,  Acc:      90.00,  Flips:     285.00 (med) /     355.78 (mean) /     669.70 (max)
14:32:43 INFO Saving last model parameters
14:32:43 INFO Saving stats
14:33:42 INFO (Eval)    Acc:      80.00,  Flips:    1281.00 (med) /    1156.56 (mean) /    1429.60 (max)
14:34:41 INFO Iter:   2560,  Acc:      50.00,  Flips:     699.00 (med) /     472.38 (mean) /     658.70 (max)
14:35:25 INFO Iter:   2570,  Acc:      70.00,  Flips:     327.50 (med) /     374.98 (mean) /     579.50 (max)
14:36:05 INFO Iter:   2580,  Acc:      90.00,  Flips:     195.00 (med) /     297.64 (mean) /     543.10 (max)
14:36:49 INFO Iter:   2590,  Acc:      90.00,  Flips:     153.00 (med) /     302.30 (mean) /     549.80 (max)
14:37:39 INFO Iter:   2600,  Acc:      70.00,  Flips:     258.00 (med) /     356.00 (mean) /     562.60 (max)
14:37:39 INFO Saving last model parameters
14:37:39 INFO Saving stats
14:38:36 INFO (Eval)    Acc:      60.00,  Flips:    1184.00 (med) /    1019.48 (mean) /    1376.20 (max)
14:39:28 INFO Iter:   2610,  Acc:      80.00,  Flips:     285.50 (med) /     367.42 (mean) /     679.60 (max)
14:40:13 INFO Iter:   2620,  Acc:      70.00,  Flips:     407.00 (med) /     432.50 (mean) /     697.90 (max)
14:40:59 INFO Iter:   2630,  Acc:      70.00,  Flips:     220.00 (med) /     388.68 (mean) /     607.20 (max)
14:41:54 INFO Iter:   2640,  Acc:      70.00,  Flips:     276.50 (med) /     391.36 (mean) /     654.40 (max)
14:42:46 INFO Iter:   2650,  Acc:      70.00,  Flips:     354.00 (med) /     413.00 (mean) /     656.90 (max)
14:42:46 INFO Saving last model parameters
14:42:46 INFO Saving stats
14:43:49 INFO (Eval)    Acc:      60.00,  Flips:    1278.00 (med) /    1105.32 (mean) /    1500.00 (max)
14:44:37 INFO Iter:   2660,  Acc:      80.00,  Flips:     250.50 (med) /     386.04 (mean) /     687.00 (max)
14:45:31 INFO Iter:   2670,  Acc:      80.00,  Flips:     411.00 (med) /     397.94 (mean) /     609.90 (max)
14:46:30 INFO Iter:   2680,  Acc:      60.00,  Flips:     316.00 (med) /     460.42 (mean) /     684.70 (max)
14:47:08 INFO Iter:   2690,  Acc:      90.00,  Flips:     142.50 (med) /     214.88 (mean) /     391.20 (max)
14:47:56 INFO Iter:   2700,  Acc:      80.00,  Flips:     182.00 (med) /     344.66 (mean) /     533.60 (max)
14:47:56 INFO Saving last model parameters
14:47:56 INFO Saving stats
14:48:53 INFO (Eval)    Acc:      40.00,  Flips:    1500.00 (med) /    1078.72 (mean) /    1388.80 (max)
14:49:40 INFO Iter:   2710,  Acc:     100.00,  Flips:     167.50 (med) /     272.72 (mean) /     587.70 (max)
14:50:27 INFO Iter:   2720,  Acc:      80.00,  Flips:     365.00 (med) /     351.96 (mean) /     511.40 (max)
14:51:05 INFO Iter:   2730,  Acc:      80.00,  Flips:     123.00 (med) /     293.74 (mean) /     561.60 (max)
14:51:51 INFO Iter:   2740,  Acc:      80.00,  Flips:     214.50 (med) /     349.94 (mean) /     558.80 (max)
14:52:47 INFO Iter:   2750,  Acc:      50.00,  Flips:     605.50 (med) /     523.38 (mean) /     750.00 (max)
14:52:47 INFO Saving last model parameters
14:52:47 INFO Saving stats
14:53:51 INFO (Eval)    Acc:      40.00,  Flips:    1500.00 (med) /    1128.24 (mean) /    1500.00 (max)
14:54:37 INFO Iter:   2760,  Acc:      80.00,  Flips:     186.00 (med) /     343.62 (mean) /     586.70 (max)
14:55:23 INFO Iter:   2770,  Acc:      90.00,  Flips:     149.50 (med) /     310.46 (mean) /     607.00 (max)
14:56:16 INFO Iter:   2780,  Acc:      60.00,  Flips:     521.00 (med) /     477.66 (mean) /     642.90 (max)
14:57:07 INFO Iter:   2790,  Acc:     100.00,  Flips:     211.50 (med) /     310.16 (mean) /     633.60 (max)
14:58:04 INFO Iter:   2800,  Acc:      60.00,  Flips:     478.50 (med) /     470.06 (mean) /     647.90 (max)
14:58:04 INFO Saving last model parameters
14:58:04 INFO Saving stats
14:58:48 INFO (Eval)    Acc:      60.00,  Flips:    1313.00 (med) /    1073.24 (mean) /    1500.00 (max)
14:59:30 INFO Iter:   2810,  Acc:      80.00,  Flips:     173.50 (med) /     309.84 (mean) /     554.20 (max)
15:00:17 INFO Iter:   2820,  Acc:      90.00,  Flips:     202.00 (med) /     300.08 (mean) /     604.20 (max)
15:01:17 INFO Iter:   2830,  Acc:      50.00,  Flips:     686.00 (med) /     513.06 (mean) /     674.40 (max)
15:02:05 INFO Iter:   2840,  Acc:      80.00,  Flips:     348.50 (med) /     355.22 (mean) /     683.70 (max)
15:02:58 INFO Iter:   2850,  Acc:      60.00,  Flips:     582.00 (med) /     422.04 (mean) /     641.50 (max)
15:02:58 INFO Saving last model parameters
15:02:58 INFO Saving stats
15:04:10 INFO (Eval)    Acc:      60.00,  Flips:    1365.00 (med) /    1173.20 (mean) /    1500.00 (max)
15:04:59 INFO Iter:   2860,  Acc:      90.00,  Flips:     288.00 (med) /     355.22 (mean) /     624.30 (max)
15:05:56 INFO Iter:   2870,  Acc:      70.00,  Flips:     278.50 (med) /     420.64 (mean) /     698.10 (max)
15:06:48 INFO Iter:   2880,  Acc:     100.00,  Flips:     363.50 (med) /     301.54 (mean) /     492.10 (max)
15:07:42 INFO Iter:   2890,  Acc:      90.00,  Flips:     243.00 (med) /     357.72 (mean) /     682.90 (max)
15:08:31 INFO Iter:   2900,  Acc:      80.00,  Flips:     124.50 (med) /     330.98 (mean) /     657.80 (max)
15:08:31 INFO Saving last model parameters
15:08:31 INFO Saving stats
15:09:38 INFO (Eval)    Acc:      40.00,  Flips:    1500.00 (med) /    1142.76 (mean) /    1500.00 (max)
15:10:29 INFO Iter:   2910,  Acc:      80.00,  Flips:     240.00 (med) /     402.52 (mean) /     669.70 (max)
15:11:26 INFO Iter:   2920,  Acc:      70.00,  Flips:     551.50 (med) /     428.72 (mean) /     605.00 (max)
15:12:20 INFO Iter:   2930,  Acc:      60.00,  Flips:     374.50 (med) /     445.06 (mean) /     658.80 (max)
15:13:02 INFO Iter:   2940,  Acc:     100.00,  Flips:     146.00 (med) /     256.68 (mean) /     534.80 (max)
15:13:46 INFO Iter:   2950,  Acc:      70.00,  Flips:     233.50 (med) /     330.14 (mean) /     487.80 (max)
15:13:46 INFO Saving last model parameters
15:13:46 INFO Saving stats
15:14:41 INFO (Eval)    Acc:      20.00,  Flips:    1500.00 (med) /    1171.68 (mean) /    1500.00 (max)
15:15:33 INFO Iter:   2960,  Acc:      70.00,  Flips:     339.00 (med) /     398.06 (mean) /     642.80 (max)
15:16:25 INFO Iter:   2970,  Acc:      60.00,  Flips:     521.00 (med) /     481.38 (mean) /     687.10 (max)
15:17:07 INFO Iter:   2980,  Acc:      90.00,  Flips:     122.50 (med) /     283.70 (mean) /     513.00 (max)
15:17:58 INFO Iter:   2990,  Acc:      60.00,  Flips:     397.50 (med) /     481.44 (mean) /     682.90 (max)
15:18:46 INFO Iter:   3000,  Acc:      70.00,  Flips:     216.00 (med) /     366.34 (mean) /     628.60 (max)
15:18:46 INFO Saving last model parameters
15:18:46 INFO Saving stats
15:19:47 INFO (Eval)    Acc:      60.00,  Flips:     744.00 (med) /     963.00 (mean) /    1305.00 (max)
15:20:45 INFO Iter:   3010,  Acc:      70.00,  Flips:     466.00 (med) /     425.44 (mean) /     693.30 (max)
15:21:34 INFO Iter:   3020,  Acc:      80.00,  Flips:     270.50 (med) /     363.10 (mean) /     709.20 (max)
15:22:21 INFO Iter:   3030,  Acc:      40.00,  Flips:     750.00 (med) /     499.72 (mean) /     695.20 (max)
15:23:09 INFO Iter:   3040,  Acc:      70.00,  Flips:     221.00 (med) /     376.44 (mean) /     640.20 (max)
15:24:04 INFO Iter:   3050,  Acc:      70.00,  Flips:     345.50 (med) /     426.00 (mean) /     663.20 (max)
15:24:04 INFO Saving last model parameters
15:24:04 INFO Saving stats
15:25:00 INFO (Eval)    Acc:      60.00,  Flips:    1225.00 (med) /    1148.96 (mean) /    1500.00 (max)
15:25:58 INFO Iter:   3060,  Acc:      70.00,  Flips:     600.50 (med) /     464.76 (mean) /     750.00 (max)
15:26:44 INFO Iter:   3070,  Acc:      90.00,  Flips:     187.50 (med) /     306.66 (mean) /     565.50 (max)
15:27:27 INFO Iter:   3080,  Acc:      90.00,  Flips:     195.00 (med) /     258.76 (mean) /     513.10 (max)
15:28:17 INFO Iter:   3090,  Acc:      90.00,  Flips:     177.00 (med) /     361.24 (mean) /     605.00 (max)
15:29:18 INFO Iter:   3100,  Acc:      60.00,  Flips:     639.00 (med) /     490.36 (mean) /     720.50 (max)
15:29:18 INFO Saving last model parameters
15:29:18 INFO Saving stats
15:30:29 INFO (Eval)    Acc:      40.00,  Flips:    1500.00 (med) /    1222.32 (mean) /    1500.00 (max)
15:31:19 INFO Iter:   3110,  Acc:      50.00,  Flips:     717.50 (med) /     459.78 (mean) /     657.80 (max)
15:32:11 INFO Iter:   3120,  Acc:      70.00,  Flips:     413.00 (med) /     454.38 (mean) /     688.60 (max)
15:33:01 INFO Iter:   3130,  Acc:      90.00,  Flips:     235.50 (med) /     350.14 (mean) /     575.00 (max)
15:33:51 INFO Iter:   3140,  Acc:      80.00,  Flips:     207.00 (med) /     356.34 (mean) /     592.50 (max)
15:34:43 INFO Iter:   3150,  Acc:      80.00,  Flips:     296.50 (med) /     385.32 (mean) /     633.70 (max)
15:34:43 INFO Saving last model parameters
15:34:43 INFO Saving stats
15:35:52 INFO (Eval)    Acc:      40.00,  Flips:    1500.00 (med) /    1183.64 (mean) /    1500.00 (max)
15:36:39 INFO Iter:   3160,  Acc:      70.00,  Flips:     195.00 (med) /     374.38 (mean) /     576.70 (max)
15:37:26 INFO Iter:   3170,  Acc:      70.00,  Flips:     246.00 (med) /     358.58 (mean) /     608.90 (max)
15:38:11 INFO Iter:   3180,  Acc:      90.00,  Flips:     194.50 (med) /     271.26 (mean) /     483.10 (max)
15:38:53 INFO Iter:   3190,  Acc:      70.00,  Flips:     297.50 (med) /     348.30 (mean) /     558.20 (max)
15:39:44 INFO Iter:   3200,  Acc:      50.00,  Flips:     709.50 (med) /     520.48 (mean) /     691.90 (max)
15:39:44 INFO Saving last model parameters
15:39:45 INFO Saving stats
15:40:34 INFO (Eval)    Acc:      60.00,  Flips:    1140.00 (med) /    1041.68 (mean) /    1500.00 (max)
15:41:19 INFO Iter:   3210,  Acc:     100.00,  Flips:     170.50 (med) /     273.58 (mean) /     575.60 (max)
15:42:10 INFO Iter:   3220,  Acc:      80.00,  Flips:     261.50 (med) /     355.90 (mean) /     569.70 (max)
15:42:59 INFO Iter:   3230,  Acc:      80.00,  Flips:     363.50 (med) /     420.80 (mean) /     702.30 (max)
15:43:51 INFO Iter:   3240,  Acc:      80.00,  Flips:     385.00 (med) /     371.26 (mean) /     636.50 (max)
15:44:46 INFO Iter:   3250,  Acc:      70.00,  Flips:     313.00 (med) /     434.20 (mean) /     692.60 (max)
15:44:46 INFO Saving last model parameters
15:44:46 INFO Saving stats
15:45:45 INFO (Eval)    Acc:      20.00,  Flips:    1500.00 (med) /    1266.96 (mean) /    1500.00 (max)
15:46:34 INFO Iter:   3260,  Acc:     100.00,  Flips:     195.00 (med) /     328.70 (mean) /     628.90 (max)
15:47:18 INFO Iter:   3270,  Acc:      30.00,  Flips:     750.00 (med) /     469.72 (mean) /     644.10 (max)
15:48:05 INFO Iter:   3280,  Acc:      70.00,  Flips:     422.00 (med) /     389.36 (mean) /     604.30 (max)
15:48:46 INFO Iter:   3290,  Acc:      70.00,  Flips:     156.50 (med) /     325.34 (mean) /     500.50 (max)
15:49:27 INFO Iter:   3300,  Acc:      70.00,  Flips:     369.50 (med) /     345.78 (mean) /     557.50 (max)
15:49:27 INFO Saving last model parameters
15:49:27 INFO Saving stats
15:50:11 INFO (Eval)    Acc:      40.00,  Flips:    1500.00 (med) /    1246.08 (mean) /    1500.00 (max)
15:51:08 INFO Iter:   3310,  Acc:      60.00,  Flips:     574.50 (med) /     481.92 (mean) /     674.50 (max)
15:51:49 INFO Iter:   3320,  Acc:      70.00,  Flips:     145.00 (med) /     352.84 (mean) /     569.60 (max)
15:52:38 INFO Iter:   3330,  Acc:      80.00,  Flips:     208.50 (med) /     363.34 (mean) /     575.90 (max)
15:53:32 INFO Iter:   3340,  Acc:      80.00,  Flips:     218.50 (med) /     383.60 (mean) /     555.30 (max)
15:54:21 INFO Iter:   3350,  Acc:      70.00,  Flips:     326.50 (med) /     399.94 (mean) /     690.40 (max)
15:54:21 INFO Saving last model parameters
15:54:21 INFO Saving stats
15:55:29 INFO (Eval)    Acc:      20.00,  Flips:    1500.00 (med) /    1117.72 (mean) /    1500.00 (max)
15:56:22 INFO Iter:   3360,  Acc:      80.00,  Flips:     427.50 (med) /     409.94 (mean) /     677.70 (max)
15:57:05 INFO Iter:   3370,  Acc:      60.00,  Flips:     366.00 (med) /     436.32 (mean) /     704.40 (max)
15:57:53 INFO Iter:   3380,  Acc:      90.00,  Flips:     273.00 (med) /     294.30 (mean) /     591.40 (max)
15:58:43 INFO Iter:   3390,  Acc:      60.00,  Flips:     506.00 (med) /     474.70 (mean) /     694.80 (max)
15:59:35 INFO Iter:   3400,  Acc:      50.00,  Flips:     619.00 (med) /     478.06 (mean) /     661.60 (max)
15:59:35 INFO Saving last model parameters
15:59:35 INFO Saving stats
16:00:28 INFO (Eval)    Acc:      40.00,  Flips:    1500.00 (med) /    1146.88 (mean) /    1500.00 (max)
16:01:18 INFO Iter:   3410,  Acc:      80.00,  Flips:     265.50 (med) /     358.78 (mean) /     614.60 (max)
16:02:16 INFO Iter:   3420,  Acc:      70.00,  Flips:     533.00 (med) /     446.96 (mean) /     647.10 (max)
16:03:09 INFO Iter:   3430,  Acc:      60.00,  Flips:     475.50 (med) /     437.60 (mean) /     692.30 (max)
16:04:00 INFO Iter:   3440,  Acc:      70.00,  Flips:     373.00 (med) /     420.52 (mean) /     750.00 (max)
16:04:40 INFO Iter:   3450,  Acc:      60.00,  Flips:     111.00 (med) /     343.78 (mean) /     530.40 (max)
16:04:40 INFO Saving last model parameters
16:04:40 INFO Saving stats
16:05:44 INFO (Eval)    Acc:      20.00,  Flips:    1500.00 (med) /    1329.24 (mean) /    1500.00 (max)
16:06:23 INFO Iter:   3460,  Acc:      90.00,  Flips:     197.00 (med) /     291.60 (mean) /     525.70 (max)
16:07:14 INFO Iter:   3470,  Acc:      60.00,  Flips:     324.50 (med) /     464.26 (mean) /     687.50 (max)
16:08:13 INFO Iter:   3480,  Acc:      80.00,  Flips:     406.50 (med) /     437.10 (mean) /     718.20 (max)
16:09:01 INFO Iter:   3490,  Acc:      70.00,  Flips:     276.00 (med) /     382.84 (mean) /     647.90 (max)
16:09:51 INFO Iter:   3500,  Acc:      60.00,  Flips:     377.50 (med) /     432.42 (mean) /     699.20 (max)
16:09:51 INFO Saving last model parameters
16:09:51 INFO Saving stats
16:10:32 INFO (Eval)    Acc:       0.00,  Flips:    1500.00 (med) /    1183.40 (mean) /    1500.00 (max)
16:11:15 INFO Iter:   3510,  Acc:      90.00,  Flips:     182.50 (med) /     285.34 (mean) /     521.20 (max)
16:12:01 INFO Iter:   3520,  Acc:      70.00,  Flips:     185.50 (med) /     312.48 (mean) /     603.20 (max)
16:12:51 INFO Iter:   3530,  Acc:      70.00,  Flips:     305.50 (med) /     362.14 (mean) /     577.20 (max)
16:13:51 INFO Iter:   3540,  Acc:      90.00,  Flips:     282.50 (med) /     321.82 (mean) /     553.80 (max)
16:14:55 INFO Iter:   3550,  Acc:     100.00,  Flips:     285.50 (med) /     335.14 (mean) /     588.90 (max)
16:14:55 INFO Saving last model parameters
16:14:55 INFO Saving stats
16:16:03 INFO (Eval)    Acc:      60.00,  Flips:     934.00 (med) /    1058.48 (mean) /    1456.20 (max)
16:17:08 INFO Iter:   3560,  Acc:      60.00,  Flips:     538.00 (med) /     433.92 (mean) /     682.80 (max)
16:18:21 INFO Iter:   3570,  Acc:      60.00,  Flips:     450.00 (med) /     402.06 (mean) /     627.80 (max)
16:19:12 INFO Iter:   3580,  Acc:      70.00,  Flips:     305.50 (med) /     328.66 (mean) /     586.00 (max)
16:20:12 INFO Iter:   3590,  Acc:      80.00,  Flips:     384.00 (med) /     370.84 (mean) /     618.70 (max)
16:21:06 INFO Iter:   3600,  Acc:      90.00,  Flips:     260.50 (med) /     328.48 (mean) /     524.50 (max)
16:21:06 INFO Saving last model parameters
16:21:06 INFO Saving stats
16:22:13 INFO (Eval)    Acc:      40.00,  Flips:    1500.00 (med) /    1205.48 (mean) /    1500.00 (max)
16:23:17 INFO Iter:   3610,  Acc:      80.00,  Flips:     308.00 (med) /     357.74 (mean) /     564.30 (max)
16:24:25 INFO Iter:   3620,  Acc:      70.00,  Flips:     491.00 (med) /     410.82 (mean) /     615.20 (max)
16:25:26 INFO Iter:   3630,  Acc:      70.00,  Flips:     371.50 (med) /     332.30 (mean) /     519.40 (max)
16:26:23 INFO Iter:   3640,  Acc:      70.00,  Flips:     378.00 (med) /     398.72 (mean) /     697.60 (max)
16:27:28 INFO Iter:   3650,  Acc:      80.00,  Flips:     368.00 (med) /     455.96 (mean) /     739.50 (max)
16:27:28 INFO Saving last model parameters
16:27:28 INFO Saving stats
16:28:23 INFO (Eval)    Acc:      60.00,  Flips:     918.00 (med) /    1050.64 (mean) /    1500.00 (max)
16:29:24 INFO Iter:   3660,  Acc:      70.00,  Flips:     341.00 (med) /     408.58 (mean) /     710.70 (max)
16:30:19 INFO Iter:   3670,  Acc:      70.00,  Flips:     265.00 (med) /     361.90 (mean) /     610.10 (max)
16:31:31 INFO Iter:   3680,  Acc:      80.00,  Flips:     567.50 (med) /     462.14 (mean) /     709.10 (max)
16:32:29 INFO Iter:   3690,  Acc:      90.00,  Flips:     184.00 (med) /     263.58 (mean) /     485.00 (max)
16:33:52 INFO Iter:   3700,  Acc:      70.00,  Flips:     540.50 (med) /     351.26 (mean) /     472.10 (max)
16:33:52 INFO Saving last model parameters
16:33:52 INFO Saving stats
16:35:21 INFO (Eval)    Acc:      40.00,  Flips:    1500.00 (med) /    1029.96 (mean) /    1386.00 (max)
16:36:27 INFO Iter:   3710,  Acc:      90.00,  Flips:     189.50 (med) /     323.92 (mean) /     589.30 (max)
16:37:27 INFO Iter:   3720,  Acc:      70.00,  Flips:     189.00 (med) /     342.60 (mean) /     553.10 (max)
16:38:19 INFO Iter:   3730,  Acc:      70.00,  Flips:     207.00 (med) /     337.66 (mean) /     525.80 (max)
16:39:21 INFO Iter:   3740,  Acc:      80.00,  Flips:     283.50 (med) /     364.04 (mean) /     601.80 (max)
16:40:26 INFO Iter:   3750,  Acc:      40.00,  Flips:     750.00 (med) /     540.08 (mean) /     750.00 (max)
16:40:26 INFO Saving last model parameters
16:40:26 INFO Saving stats
16:41:27 INFO (Eval)    Acc:      40.00,  Flips:    1500.00 (med) /    1217.12 (mean) /    1478.40 (max)
16:42:24 INFO Iter:   3760,  Acc:      80.00,  Flips:     235.00 (med) /     347.02 (mean) /     530.00 (max)
16:43:21 INFO Iter:   3770,  Acc:     100.00,  Flips:     195.00 (med) /     297.28 (mean) /     575.80 (max)
16:44:21 INFO Iter:   3780,  Acc:      50.00,  Flips:     656.00 (med) /     491.94 (mean) /     679.40 (max)
16:45:11 INFO Iter:   3790,  Acc:      80.00,  Flips:     162.50 (med) /     321.52 (mean) /     557.10 (max)
16:46:21 INFO Iter:   3800,  Acc:      60.00,  Flips:     549.50 (med) /     469.42 (mean) /     669.80 (max)
16:46:21 INFO Saving last model parameters
16:46:21 INFO Saving stats
16:47:13 INFO (Eval)    Acc:      60.00,  Flips:    1369.00 (med) /    1186.32 (mean) /    1500.00 (max)
16:48:08 INFO Iter:   3810,  Acc:      80.00,  Flips:     178.00 (med) /     327.34 (mean) /     563.20 (max)
16:49:09 INFO Iter:   3820,  Acc:      80.00,  Flips:     305.00 (med) /     351.84 (mean) /     587.60 (max)
16:50:05 INFO Iter:   3830,  Acc:      60.00,  Flips:     377.50 (med) /     446.24 (mean) /     684.80 (max)
16:50:58 INFO Iter:   3840,  Acc:      70.00,  Flips:     164.50 (med) /     351.10 (mean) /     646.50 (max)
16:51:59 INFO Iter:   3850,  Acc:      60.00,  Flips:     437.00 (med) /     474.94 (mean) /     695.00 (max)
16:51:59 INFO Saving last model parameters
16:51:59 INFO Saving stats
16:52:51 INFO (Eval)    Acc:      60.00,  Flips:    1222.00 (med) /    1065.92 (mean) /    1438.60 (max)
16:53:56 INFO Iter:   3860,  Acc:      90.00,  Flips:     303.00 (med) /     364.28 (mean) /     614.50 (max)
16:54:58 INFO Iter:   3870,  Acc:      80.00,  Flips:     198.00 (med) /     410.76 (mean) /     741.70 (max)
16:55:48 INFO Iter:   3880,  Acc:      90.00,  Flips:     142.50 (med) /     291.86 (mean) /     516.80 (max)
16:56:51 INFO Iter:   3890,  Acc:      70.00,  Flips:     333.50 (med) /     408.14 (mean) /     708.60 (max)
16:57:48 INFO Iter:   3900,  Acc:     100.00,  Flips:     168.50 (med) /     279.20 (mean) /     556.30 (max)
16:57:48 INFO Saving last model parameters
16:57:48 INFO Saving stats
16:59:06 INFO (Eval)    Acc:      60.00,  Flips:    1289.00 (med) /    1202.32 (mean) /    1500.00 (max)
17:00:14 INFO Iter:   3910,  Acc:      70.00,  Flips:     495.50 (med) /     443.06 (mean) /     654.10 (max)
17:01:14 INFO Iter:   3920,  Acc:     100.00,  Flips:     254.50 (med) /     340.78 (mean) /     682.40 (max)
17:02:21 INFO Iter:   3930,  Acc:      60.00,  Flips:     492.50 (med) /     477.98 (mean) /     674.90 (max)
17:03:07 INFO Iter:   3940,  Acc:      90.00,  Flips:     102.00 (med) /     243.98 (mean) /     348.80 (max)
17:03:55 INFO Iter:   3950,  Acc:      80.00,  Flips:     243.00 (med) /     298.28 (mean) /     519.00 (max)
17:03:55 INFO Saving last model parameters
17:03:55 INFO Saving stats
17:04:56 INFO (Eval)    Acc:      40.00,  Flips:    1500.00 (med) /    1241.00 (mean) /    1500.00 (max)
17:05:49 INFO Iter:   3960,  Acc:      80.00,  Flips:     411.00 (med) /     396.90 (mean) /     636.30 (max)
17:06:47 INFO Iter:   3970,  Acc:      60.00,  Flips:     582.00 (med) /     490.34 (mean) /     682.40 (max)
17:07:38 INFO Iter:   3980,  Acc:      90.00,  Flips:     240.50 (med) /     360.74 (mean) /     662.00 (max)
17:08:37 INFO Iter:   3990,  Acc:      80.00,  Flips:     482.00 (med) /     416.50 (mean) /     656.70 (max)
17:09:29 INFO Iter:   4000,  Acc:      50.00,  Flips:     672.50 (med) /     460.22 (mean) /     711.40 (max)
17:09:29 INFO Saving last model parameters
17:09:29 INFO Saving stats
17:10:23 INFO (Eval)    Acc:      40.00,  Flips:    1500.00 (med) /    1177.20 (mean) /    1500.00 (max)
17:11:05 INFO Iter:   4010,  Acc:      70.00,  Flips:     195.50 (med) /     370.94 (mean) /     587.70 (max)
17:11:46 INFO Iter:   4020,  Acc:      80.00,  Flips:     176.50 (med) /     309.52 (mean) /     641.30 (max)
17:12:33 INFO Iter:   4030,  Acc:      40.00,  Flips:     750.00 (med) /     474.26 (mean) /     712.80 (max)
17:13:21 INFO Iter:   4040,  Acc:      80.00,  Flips:     256.00 (med) /     354.28 (mean) /     584.90 (max)
17:14:15 INFO Iter:   4050,  Acc:      70.00,  Flips:     530.00 (med) /     446.56 (mean) /     636.30 (max)
17:14:15 INFO Saving last model parameters
17:14:15 INFO Saving stats
17:15:23 INFO (Eval)    Acc:      40.00,  Flips:    1500.00 (med) /    1189.52 (mean) /    1500.00 (max)
17:16:22 INFO Iter:   4060,  Acc:      70.00,  Flips:     457.50 (med) /     442.32 (mean) /     693.90 (max)
17:17:06 INFO Iter:   4070,  Acc:      90.00,  Flips:     198.00 (med) /     292.68 (mean) /     576.80 (max)
17:17:40 INFO Iter:   4080,  Acc:     100.00,  Flips:     122.50 (med) /     222.48 (mean) /     521.80 (max)
17:18:41 INFO Iter:   4090,  Acc:      60.00,  Flips:     476.00 (med) /     467.04 (mean) /     703.50 (max)
17:19:45 INFO Iter:   4100,  Acc:      60.00,  Flips:     616.00 (med) /     474.38 (mean) /     708.70 (max)
17:19:45 INFO Saving last model parameters
17:19:45 INFO Saving stats
17:20:51 INFO (Eval)    Acc:      40.00,  Flips:    1500.00 (med) /    1112.60 (mean) /    1334.40 (max)
17:21:51 INFO Iter:   4110,  Acc:      50.00,  Flips:     581.00 (med) /     481.24 (mean) /     750.00 (max)
