09:57:09 INFO Configuration:
name: search/kcolor/5
seed: 1

log_level: info
report_interval: 10
eval_interval: 50
save_interval: 50

data_path: /home/zhang/zouy/sat/data/kcolor
train_sets:
  - name: 3-5-0.5
    samples: 2000
    max_tries: 5
    max_flips: 50
    iterations: 10000

eval_set:
  name: 3-10-0.5
  samples: 10
  max_tries: 10
  max_flips: 200

model_path: False

gnn_hidden_size: 32
readout_hidden_size: 64

cycles: 1
optimizer: RMSprop
lr: 0.0005
lr_milestones: [200, 500, 1000, 5000]
lr_decay: 0.5

method: a2c
a2c_n: 10
discount: 0.25
walk_prob: 0.5

09:57:09 INFO Device: cpu
09:57:11 INFO Loaded 2000 training problems from /home/zhang/zouy/sat/data/kcolor
09:57:11 INFO Loaded 10 evaluation problems from /home/zhang/zouy/sat/data/kcolor
09:57:11 INFO Cycle: 1
09:57:11 INFO Train set: 3-5-0.5
09:58:45 INFO (Eval)    Acc:       0.00,  Flips:     200.00 (med) /     200.00 (mean) /     200.00 (max)
09:58:45 INFO Saving best model parameters
